[0.024s] Invoking command in '/home/ros/s_ws/src/s/build/msgs': CMAKE_PREFIX_PATH=${CMAKE_PREFIX_PATH}:/home/ros/s_ws/install/nav2_simple_commander:/opt/ros/humble /usr/bin/cmake /home/ros/s_ws/src/s/msgs -DAMENT_CMAKE_SYMLINK_INSTALL=1 -DCMAKE_INSTALL_PREFIX=/home/ros/s_ws/src/s/install/msgs
[0.182s] -- The C compiler identification is GNU 11.4.0
[0.182s] -- The CXX compiler identification is GNU 11.4.0
[0.182s] -- Detecting C compiler ABI info
[0.201s] -- Detecting C compiler ABI info - done
[0.206s] -- Check for working C compiler: /usr/bin/cc - skipped
[0.206s] -- Detecting C compile features
[0.206s] -- Detecting C compile features - done
[0.208s] -- Detecting CXX compiler ABI info
[0.287s] -- Detecting CXX compiler ABI info - done
[0.292s] -- Check for working CXX compiler: /usr/bin/c++ - skipped
[0.292s] -- Detecting CXX compile features
[0.292s] -- Detecting CXX compile features - done
[0.299s] -- Found ament_cmake: 1.3.8 (/opt/ros/humble/share/ament_cmake/cmake)
[0.426s] -- Found Python3: /usr/bin/python3 (found version "3.10.12") found components: Interpreter 
[0.469s] -- Override CMake install command with custom implementation using symlinks instead of copying resources
[0.551s] -- Found builtin_interfaces: 1.2.1 (/opt/ros/humble/share/builtin_interfaces/cmake)
[0.602s] -- Found rosidl_generator_c: 3.1.5 (/opt/ros/humble/share/rosidl_generator_c/cmake)
[0.613s] -- Found rosidl_adapter: 3.1.5 (/opt/ros/humble/share/rosidl_adapter/cmake)
[0.626s] -- Found rosidl_generator_cpp: 3.1.5 (/opt/ros/humble/share/rosidl_generator_cpp/cmake)
[0.641s] -- Using all available rosidl_typesupport_c: rosidl_typesupport_fastrtps_c;rosidl_typesupport_introspection_c
[0.664s] -- Using all available rosidl_typesupport_cpp: rosidl_typesupport_fastrtps_cpp;rosidl_typesupport_introspection_cpp
[0.686s] -- Found rosidl_default_generators: 1.2.0 (/opt/ros/humble/share/rosidl_default_generators/cmake)
[0.701s] -- Found std_msgs: 4.2.3 (/opt/ros/humble/share/std_msgs/cmake)
[0.876s] -- Found ament_cmake_ros: 0.10.0 (/opt/ros/humble/share/ament_cmake_ros/cmake)
[1.116s] -- Using all available rosidl_typesupport_c: rosidl_typesupport_fastrtps_c;rosidl_typesupport_introspection_c
[1.205s] -- Using all available rosidl_typesupport_cpp: rosidl_typesupport_fastrtps_cpp;rosidl_typesupport_introspection_cpp
[1.220s] -- Found PythonInterp: /usr/bin/python3 (found suitable version "3.10.12", minimum required is "3.6") 
[1.225s] -- Found python_cmake_module: 0.10.0 (/opt/ros/humble/share/python_cmake_module/cmake)
[1.244s] -- Found PythonLibs: /usr/lib/x86_64-linux-gnu/libpython3.10.so (found suitable version "3.10.12", minimum required is "3.5") 
[1.244s] -- Using PYTHON_EXECUTABLE: /usr/bin/python3
[1.244s] -- Using PYTHON_INCLUDE_DIRS: /usr/include/python3.10
[1.244s] -- Using PYTHON_LIBRARIES: /usr/lib/x86_64-linux-gnu/libpython3.10.so
[1.258s] -- Found PythonExtra: .so  
[1.306s] -- Configuring done
[1.324s] -- Generating done
[1.326s] -- Build files have been written to: /home/ros/s_ws/src/s/build/msgs
[1.331s] Invoked command in '/home/ros/s_ws/src/s/build/msgs' returned '0': CMAKE_PREFIX_PATH=${CMAKE_PREFIX_PATH}:/home/ros/s_ws/install/nav2_simple_commander:/opt/ros/humble /usr/bin/cmake /home/ros/s_ws/src/s/msgs -DAMENT_CMAKE_SYMLINK_INSTALL=1 -DCMAKE_INSTALL_PREFIX=/home/ros/s_ws/src/s/install/msgs
[1.331s] Invoking command in '/home/ros/s_ws/src/s/build/msgs': CMAKE_PREFIX_PATH=${CMAKE_PREFIX_PATH}:/home/ros/s_ws/install/nav2_simple_commander:/opt/ros/humble /usr/bin/cmake --build /home/ros/s_ws/src/s/build/msgs -- -j24 -l24
[1.372s] [  3%] [34m[1mGenerating C code for ROS interfaces[0m
[1.383s] [  6%] [34m[1mGenerating C++ code for ROS interfaces[0m
[1.391s] [  6%] Built target ament_cmake_python_symlink_msgs
[1.526s] running egg_info
[1.526s] creating msgs.egg-info
[1.526s] writing msgs.egg-info/PKG-INFO
[1.526s] writing dependency_links to msgs.egg-info/dependency_links.txt
[1.526s] writing top-level names to msgs.egg-info/top_level.txt
[1.526s] writing manifest file 'msgs.egg-info/SOURCES.txt'
[1.526s] [  6%] Built target msgs__cpp
[1.526s] [  9%] [32mBuilding C object CMakeFiles/msgs__rosidl_generator_c.dir/rosidl_generator_c/msgs/msg/detail/bluetooth_joystick__functions.c.o[0m
[1.527s] reading manifest file 'msgs.egg-info/SOURCES.txt'
[1.527s] writing manifest file 'msgs.egg-info/SOURCES.txt'
[1.538s] [ 19%] [34m[1mGenerating C++ introspection for ROS interfaces[0m
[1.538s] [ 19%] [34m[1mGenerating C++ type support dispatch for ROS interfaces[0m
[1.538s] [ 19%] [34m[1mGenerating C++ type support for eProsima Fast-RTPS[0m
[1.548s] [ 19%] Built target ament_cmake_python_build_msgs_egg
[1.562s] [ 22%] [32m[1mLinking C shared library libmsgs__rosidl_generator_c.so[0m
[1.596s] [ 22%] Built target msgs__rosidl_generator_c
[1.607s] [ 29%] [34m[1mGenerating C introspection for ROS interfaces[0m
[1.607s] [ 29%] [34m[1mGenerating C type support for eProsima Fast-RTPS[0m
[1.608s] [ 32%] [34m[1mGenerating C type support dispatch for ROS interfaces[0m
[1.674s] [ 35%] [32mBuilding CXX object CMakeFiles/msgs__rosidl_typesupport_cpp.dir/rosidl_typesupport_cpp/msgs/msg/bluetooth_joystick__type_support.cpp.o[0m
[1.686s] [ 38%] [32mBuilding CXX object CMakeFiles/msgs__rosidl_typesupport_introspection_cpp.dir/rosidl_typesupport_introspection_cpp/msgs/msg/detail/bluetooth_joystick__type_support.cpp.o[0m
[1.691s] [ 41%] [32mBuilding CXX object CMakeFiles/msgs__rosidl_typesupport_fastrtps_cpp.dir/rosidl_typesupport_fastrtps_cpp/msgs/msg/detail/dds_fastrtps/bluetooth_joystick__type_support.cpp.o[0m
[1.745s] [ 45%] [32mBuilding CXX object CMakeFiles/msgs__rosidl_typesupport_c.dir/rosidl_typesupport_c/msgs/msg/bluetooth_joystick__type_support.cpp.o[0m
[1.759s] [ 48%] [32mBuilding C object CMakeFiles/msgs__rosidl_typesupport_introspection_c.dir/rosidl_typesupport_introspection_c/msgs/msg/detail/bluetooth_joystick__type_support.c.o[0m
[1.760s] [ 51%] [32mBuilding CXX object CMakeFiles/msgs__rosidl_typesupport_fastrtps_c.dir/rosidl_typesupport_fastrtps_c/msgs/msg/detail/bluetooth_joystick__type_support_c.cpp.o[0m
[1.771s] [ 54%] [32m[1mLinking CXX shared library libmsgs__rosidl_typesupport_c.so[0m
[1.789s] [ 58%] [32m[1mLinking C shared library libmsgs__rosidl_typesupport_introspection_c.so[0m
[1.809s] [ 58%] Built target msgs__rosidl_typesupport_c
[1.813s] [ 61%] [32m[1mLinking CXX shared library libmsgs__rosidl_typesupport_cpp.so[0m
[1.820s] [ 61%] Built target msgs__rosidl_typesupport_introspection_c
[1.849s] [ 61%] Built target msgs__rosidl_typesupport_cpp
[1.877s] [ 64%] [32m[1mLinking CXX shared library libmsgs__rosidl_typesupport_introspection_cpp.so[0m
[1.886s] [ 67%] [32m[1mLinking CXX shared library libmsgs__rosidl_typesupport_fastrtps_cpp.so[0m
[1.914s] [ 67%] Built target msgs__rosidl_typesupport_introspection_cpp
[1.932s] [ 70%] [32m[1mLinking CXX shared library libmsgs__rosidl_typesupport_fastrtps_c.so[0m
[1.940s] [ 70%] Built target msgs__rosidl_typesupport_fastrtps_cpp
[1.983s] [ 70%] Built target msgs__rosidl_typesupport_fastrtps_c
[2.008s] [ 70%] Built target msgs
[2.032s] [ 74%] [34m[1mGenerating Python code for ROS interfaces[0m
[2.204s] [ 74%] Built target msgs__py
[2.228s] [ 77%] [32mBuilding C object CMakeFiles/msgs__rosidl_generator_py.dir/rosidl_generator_py/msgs/msg/_bluetooth_joystick_s.c.o[0m
[2.292s] [ 80%] [32m[1mLinking C shared library rosidl_generator_py/msgs/libmsgs__rosidl_generator_py.so[0m
[2.327s] [ 80%] Built target msgs__rosidl_generator_py
[2.352s] [ 87%] [32mBuilding C object CMakeFiles/msgs__rosidl_typesupport_fastrtps_c__pyext.dir/rosidl_generator_py/msgs/_msgs_s.ep.rosidl_typesupport_fastrtps_c.c.o[0m
[2.352s] [ 87%] [32mBuilding C object CMakeFiles/msgs__rosidl_typesupport_introspection_c__pyext.dir/rosidl_generator_py/msgs/_msgs_s.ep.rosidl_typesupport_introspection_c.c.o[0m
[2.353s] [ 90%] [32mBuilding C object CMakeFiles/msgs__rosidl_typesupport_c__pyext.dir/rosidl_generator_py/msgs/_msgs_s.ep.rosidl_typesupport_c.c.o[0m
[2.412s] [ 93%] [32m[1mLinking C shared library rosidl_generator_py/msgs/msgs_s__rosidl_typesupport_fastrtps_c.cpython-310-x86_64-linux-gnu.so[0m
[2.416s] [100%] [32m[1mLinking C shared library rosidl_generator_py/msgs/msgs_s__rosidl_typesupport_c.cpython-310-x86_64-linux-gnu.so[0m
[2.416s] [100%] [32m[1mLinking C shared library rosidl_generator_py/msgs/msgs_s__rosidl_typesupport_introspection_c.cpython-310-x86_64-linux-gnu.so[0m
[2.447s] [100%] Built target msgs__rosidl_typesupport_fastrtps_c__pyext
[2.451s] [100%] Built target msgs__rosidl_typesupport_introspection_c__pyext
[2.451s] [100%] Built target msgs__rosidl_typesupport_c__pyext
[2.463s] Invoked command in '/home/ros/s_ws/src/s/build/msgs' returned '0': CMAKE_PREFIX_PATH=${CMAKE_PREFIX_PATH}:/home/ros/s_ws/install/nav2_simple_commander:/opt/ros/humble /usr/bin/cmake --build /home/ros/s_ws/src/s/build/msgs -- -j24 -l24
[2.574s] Invoking command in '/home/ros/s_ws/src/s/build/msgs': CMAKE_PREFIX_PATH=${CMAKE_PREFIX_PATH}:/home/ros/s_ws/install/nav2_simple_commander:/opt/ros/humble /usr/bin/cmake --install /home/ros/s_ws/src/s/build/msgs
[2.583s] -- Install configuration: ""
[2.583s] -- Execute custom install script
[2.583s] -- Symlinking: /home/ros/s_ws/src/s/install/msgs/share/ament_index/resource_index/rosidl_interfaces/msgs
[2.593s] -- Symlinking: /home/ros/s_ws/src/s/install/msgs/include/msgs/msgs/msg/bluetooth_joystick.h
[2.601s] -- Symlinking: /home/ros/s_ws/src/s/install/msgs/include/msgs/msgs/msg/detail/bluetooth_joystick__functions.h
[2.610s] -- Symlinking: /home/ros/s_ws/src/s/install/msgs/include/msgs/msgs/msg/detail/bluetooth_joystick__struct.h
[2.619s] -- Symlinking: /home/ros/s_ws/src/s/install/msgs/include/msgs/msgs/msg/detail/bluetooth_joystick__type_support.h
[2.628s] -- Symlinking: /home/ros/s_ws/src/s/install/msgs/include/msgs/msgs/msg/rosidl_generator_c__visibility_control.h
[2.637s] -- Symlinking: /home/ros/s_ws/src/s/install/msgs/share/msgs/environment/library_path.sh
[2.645s] -- Symlinking: /home/ros/s_ws/src/s/install/msgs/share/msgs/environment/library_path.dsv
[2.654s] -- Symlinking: /home/ros/s_ws/src/s/install/msgs/include/msgs/msgs/msg/detail/bluetooth_joystick__rosidl_typesupport_fastrtps_c.h
[2.663s] -- Symlinking: /home/ros/s_ws/src/s/install/msgs/include/msgs/msgs/msg/rosidl_typesupport_fastrtps_c__visibility_control.h
[2.673s] -- Symlinking: /home/ros/s_ws/src/s/install/msgs/include/msgs/msgs/msg/bluetooth_joystick.hpp
[2.683s] -- Symlinking: /home/ros/s_ws/src/s/install/msgs/include/msgs/msgs/msg/detail/bluetooth_joystick__builder.hpp
[2.692s] -- Symlinking: /home/ros/s_ws/src/s/install/msgs/include/msgs/msgs/msg/detail/bluetooth_joystick__struct.hpp
[2.701s] -- Symlinking: /home/ros/s_ws/src/s/install/msgs/include/msgs/msgs/msg/detail/bluetooth_joystick__traits.hpp
[2.710s] -- Symlinking: /home/ros/s_ws/src/s/install/msgs/include/msgs/msgs/msg/detail/bluetooth_joystick__rosidl_typesupport_fastrtps_cpp.hpp
[2.719s] -- Symlinking: /home/ros/s_ws/src/s/install/msgs/include/msgs/msgs/msg/rosidl_typesupport_fastrtps_cpp__visibility_control.h
[2.729s] -- Symlinking: /home/ros/s_ws/src/s/install/msgs/include/msgs/msgs/msg/detail/bluetooth_joystick__rosidl_typesupport_introspection_c.h
[2.738s] -- Symlinking: /home/ros/s_ws/src/s/install/msgs/include/msgs/msgs/msg/rosidl_typesupport_introspection_c__visibility_control.h
[2.747s] -- Symlinking: /home/ros/s_ws/src/s/install/msgs/include/msgs/msgs/msg/detail/bluetooth_joystick__rosidl_typesupport_introspection_cpp.hpp
[2.756s] -- Symlinking: /home/ros/s_ws/src/s/install/msgs/share/msgs/environment/pythonpath.sh
[2.764s] -- Symlinking: /home/ros/s_ws/src/s/install/msgs/share/msgs/environment/pythonpath.dsv
[2.773s] -- Symlinking: /home/ros/s_ws/src/s/install/msgs/local/lib/python3.10/dist-packages/msgs-1.0.0-py3.10.egg-info/PKG-INFO
[2.781s] -- Symlinking: /home/ros/s_ws/src/s/install/msgs/local/lib/python3.10/dist-packages/msgs-1.0.0-py3.10.egg-info/SOURCES.txt
[2.790s] -- Symlinking: /home/ros/s_ws/src/s/install/msgs/local/lib/python3.10/dist-packages/msgs-1.0.0-py3.10.egg-info/dependency_links.txt
[2.798s] -- Symlinking: /home/ros/s_ws/src/s/install/msgs/local/lib/python3.10/dist-packages/msgs-1.0.0-py3.10.egg-info/top_level.txt
[2.808s] -- Symlinking: /home/ros/s_ws/src/s/install/msgs/local/lib/python3.10/dist-packages/msgs/__init__.py
[2.817s] -- Symlinking: /home/ros/s_ws/src/s/install/msgs/local/lib/python3.10/dist-packages/msgs/_msgs_s.ep.rosidl_typesupport_c.c
[2.825s] -- Symlinking: /home/ros/s_ws/src/s/install/msgs/local/lib/python3.10/dist-packages/msgs/_msgs_s.ep.rosidl_typesupport_fastrtps_c.c
[2.835s] -- Symlinking: /home/ros/s_ws/src/s/install/msgs/local/lib/python3.10/dist-packages/msgs/_msgs_s.ep.rosidl_typesupport_introspection_c.c
[2.844s] -- Symlinking: /home/ros/s_ws/src/s/install/msgs/local/lib/python3.10/dist-packages/msgs/libmsgs__rosidl_generator_py.so
[2.853s] -- Symlinking: /home/ros/s_ws/src/s/install/msgs/local/lib/python3.10/dist-packages/msgs/msg/__init__.py
[2.863s] -- Symlinking: /home/ros/s_ws/src/s/install/msgs/local/lib/python3.10/dist-packages/msgs/msg/_bluetooth_joystick.py
[2.872s] -- Symlinking: /home/ros/s_ws/src/s/install/msgs/local/lib/python3.10/dist-packages/msgs/msg/_bluetooth_joystick_s.c
[2.880s] -- Symlinking: /home/ros/s_ws/src/s/install/msgs/local/lib/python3.10/dist-packages/msgs/msgs_s__rosidl_typesupport_c.cpython-310-x86_64-linux-gnu.so
[2.889s] -- Symlinking: /home/ros/s_ws/src/s/install/msgs/local/lib/python3.10/dist-packages/msgs/msgs_s__rosidl_typesupport_fastrtps_c.cpython-310-x86_64-linux-gnu.so
[2.898s] -- Symlinking: /home/ros/s_ws/src/s/install/msgs/local/lib/python3.10/dist-packages/msgs/msgs_s__rosidl_typesupport_introspection_c.cpython-310-x86_64-linux-gnu.so
[2.907s] -- Up-to-date symlink: /home/ros/s_ws/src/s/install/msgs/local/lib/python3.10/dist-packages/msgs/msgs_s__rosidl_typesupport_fastrtps_c.cpython-310-x86_64-linux-gnu.so
[2.907s] -- Up-to-date symlink: /home/ros/s_ws/src/s/install/msgs/local/lib/python3.10/dist-packages/msgs/msgs_s__rosidl_typesupport_introspection_c.cpython-310-x86_64-linux-gnu.so
[2.908s] -- Up-to-date symlink: /home/ros/s_ws/src/s/install/msgs/local/lib/python3.10/dist-packages/msgs/msgs_s__rosidl_typesupport_c.cpython-310-x86_64-linux-gnu.so
[2.908s] -- Symlinking: /home/ros/s_ws/src/s/install/msgs/share/msgs/msg/BluetoothJoystick.idl
[2.916s] -- Symlinking: /home/ros/s_ws/src/s/install/msgs/share/msgs/msg/BluetoothJoystick.msg
[2.925s] -- Symlinking: /home/ros/s_ws/src/s/install/msgs/share/ament_index/resource_index/package_run_dependencies/msgs
[2.934s] -- Symlinking: /home/ros/s_ws/src/s/install/msgs/share/ament_index/resource_index/parent_prefix_path/msgs
[2.942s] -- Symlinking: /home/ros/s_ws/src/s/install/msgs/share/msgs/environment/ament_prefix_path.sh
[2.951s] -- Symlinking: /home/ros/s_ws/src/s/install/msgs/share/msgs/environment/ament_prefix_path.dsv
[2.960s] -- Symlinking: /home/ros/s_ws/src/s/install/msgs/share/msgs/environment/path.sh
[2.968s] -- Symlinking: /home/ros/s_ws/src/s/install/msgs/share/msgs/environment/path.dsv
[2.976s] -- Symlinking: /home/ros/s_ws/src/s/install/msgs/share/msgs/local_setup.bash
[2.985s] -- Symlinking: /home/ros/s_ws/src/s/install/msgs/share/msgs/local_setup.sh
[2.993s] -- Symlinking: /home/ros/s_ws/src/s/install/msgs/share/msgs/local_setup.zsh
[3.001s] -- Symlinking: /home/ros/s_ws/src/s/install/msgs/share/msgs/local_setup.dsv
[3.010s] -- Symlinking: /home/ros/s_ws/src/s/install/msgs/share/msgs/package.dsv
[3.018s] -- Symlinking: /home/ros/s_ws/src/s/install/msgs/share/ament_index/resource_index/packages/msgs
[3.027s] -- Symlinking: /home/ros/s_ws/src/s/install/msgs/share/msgs/cmake/rosidl_cmake-extras.cmake
[3.036s] -- Symlinking: /home/ros/s_ws/src/s/install/msgs/share/msgs/cmake/ament_cmake_export_dependencies-extras.cmake
[3.044s] -- Symlinking: /home/ros/s_ws/src/s/install/msgs/share/msgs/cmake/ament_cmake_export_include_directories-extras.cmake
[3.053s] -- Symlinking: /home/ros/s_ws/src/s/install/msgs/share/msgs/cmake/ament_cmake_export_libraries-extras.cmake
[3.061s] -- Symlinking: /home/ros/s_ws/src/s/install/msgs/share/msgs/cmake/ament_cmake_export_targets-extras.cmake
[3.069s] -- Symlinking: /home/ros/s_ws/src/s/install/msgs/share/msgs/cmake/rosidl_cmake_export_typesupport_targets-extras.cmake
[3.077s] -- Symlinking: /home/ros/s_ws/src/s/install/msgs/share/msgs/cmake/rosidl_cmake_export_typesupport_libraries-extras.cmake
[3.087s] -- Symlinking: /home/ros/s_ws/src/s/install/msgs/share/msgs/cmake/msgsConfig.cmake
[3.096s] -- Symlinking: /home/ros/s_ws/src/s/install/msgs/share/msgs/cmake/msgsConfig-version.cmake
[3.105s] -- Symlinking: /home/ros/s_ws/src/s/install/msgs/share/msgs/package.xml
[3.114s] -- Installing: /home/ros/s_ws/src/s/install/msgs/lib/libmsgs__rosidl_generator_c.so
[3.114s] -- Set runtime path of "/home/ros/s_ws/src/s/install/msgs/lib/libmsgs__rosidl_generator_c.so" to ""
[3.115s] -- Installing: /home/ros/s_ws/src/s/install/msgs/lib/libmsgs__rosidl_typesupport_fastrtps_c.so
[3.115s] -- Set runtime path of "/home/ros/s_ws/src/s/install/msgs/lib/libmsgs__rosidl_typesupport_fastrtps_c.so" to ""
[3.115s] -- Installing: /home/ros/s_ws/src/s/install/msgs/lib/libmsgs__rosidl_typesupport_fastrtps_cpp.so
[3.115s] -- Set runtime path of "/home/ros/s_ws/src/s/install/msgs/lib/libmsgs__rosidl_typesupport_fastrtps_cpp.so" to ""
[3.115s] -- Installing: /home/ros/s_ws/src/s/install/msgs/lib/libmsgs__rosidl_typesupport_introspection_c.so
[3.116s] -- Set runtime path of "/home/ros/s_ws/src/s/install/msgs/lib/libmsgs__rosidl_typesupport_introspection_c.so" to ""
[3.116s] -- Installing: /home/ros/s_ws/src/s/install/msgs/lib/libmsgs__rosidl_typesupport_c.so
[3.116s] -- Set runtime path of "/home/ros/s_ws/src/s/install/msgs/lib/libmsgs__rosidl_typesupport_c.so" to ""
[3.116s] -- Installing: /home/ros/s_ws/src/s/install/msgs/lib/libmsgs__rosidl_typesupport_introspection_cpp.so
[3.116s] -- Set runtime path of "/home/ros/s_ws/src/s/install/msgs/lib/libmsgs__rosidl_typesupport_introspection_cpp.so" to ""
[3.116s] -- Installing: /home/ros/s_ws/src/s/install/msgs/lib/libmsgs__rosidl_typesupport_cpp.so
[3.117s] -- Set runtime path of "/home/ros/s_ws/src/s/install/msgs/lib/libmsgs__rosidl_typesupport_cpp.so" to ""
[3.138s] Listing '/home/ros/s_ws/src/s/install/msgs/local/lib/python3.10/dist-packages/msgs'...
[3.138s] Compiling '/home/ros/s_ws/src/s/install/msgs/local/lib/python3.10/dist-packages/msgs/__init__.py'...
[3.138s] Listing '/home/ros/s_ws/src/s/install/msgs/local/lib/python3.10/dist-packages/msgs/msg'...
[3.138s] Compiling '/home/ros/s_ws/src/s/install/msgs/local/lib/python3.10/dist-packages/msgs/msg/__init__.py'...
[3.138s] Compiling '/home/ros/s_ws/src/s/install/msgs/local/lib/python3.10/dist-packages/msgs/msg/_bluetooth_joystick.py'...
[3.140s] -- Installing: /home/ros/s_ws/src/s/install/msgs/lib/libmsgs__rosidl_generator_py.so
[3.140s] -- Set runtime path of "/home/ros/s_ws/src/s/install/msgs/lib/libmsgs__rosidl_generator_py.so" to ""
[3.140s] -- Installing: /home/ros/s_ws/src/s/install/msgs/share/msgs/cmake/export_msgs__rosidl_generator_cExport.cmake
[3.140s] -- Installing: /home/ros/s_ws/src/s/install/msgs/share/msgs/cmake/export_msgs__rosidl_generator_cExport-noconfig.cmake
[3.140s] -- Installing: /home/ros/s_ws/src/s/install/msgs/share/msgs/cmake/export_msgs__rosidl_typesupport_fastrtps_cExport.cmake
[3.140s] -- Installing: /home/ros/s_ws/src/s/install/msgs/share/msgs/cmake/export_msgs__rosidl_typesupport_fastrtps_cExport-noconfig.cmake
[3.141s] -- Installing: /home/ros/s_ws/src/s/install/msgs/share/msgs/cmake/export_msgs__rosidl_generator_cppExport.cmake
[3.141s] -- Installing: /home/ros/s_ws/src/s/install/msgs/share/msgs/cmake/export_msgs__rosidl_typesupport_fastrtps_cppExport.cmake
[3.141s] -- Installing: /home/ros/s_ws/src/s/install/msgs/share/msgs/cmake/export_msgs__rosidl_typesupport_fastrtps_cppExport-noconfig.cmake
[3.141s] -- Installing: /home/ros/s_ws/src/s/install/msgs/share/msgs/cmake/msgs__rosidl_typesupport_introspection_cExport.cmake
[3.141s] -- Installing: /home/ros/s_ws/src/s/install/msgs/share/msgs/cmake/msgs__rosidl_typesupport_introspection_cExport-noconfig.cmake
[3.141s] -- Installing: /home/ros/s_ws/src/s/install/msgs/share/msgs/cmake/msgs__rosidl_typesupport_cExport.cmake
[3.141s] -- Installing: /home/ros/s_ws/src/s/install/msgs/share/msgs/cmake/msgs__rosidl_typesupport_cExport-noconfig.cmake
[3.141s] -- Installing: /home/ros/s_ws/src/s/install/msgs/share/msgs/cmake/msgs__rosidl_typesupport_introspection_cppExport.cmake
[3.141s] -- Installing: /home/ros/s_ws/src/s/install/msgs/share/msgs/cmake/msgs__rosidl_typesupport_introspection_cppExport-noconfig.cmake
[3.141s] -- Installing: /home/ros/s_ws/src/s/install/msgs/share/msgs/cmake/msgs__rosidl_typesupport_cppExport.cmake
[3.141s] -- Installing: /home/ros/s_ws/src/s/install/msgs/share/msgs/cmake/msgs__rosidl_typesupport_cppExport-noconfig.cmake
[3.142s] -- Installing: /home/ros/s_ws/src/s/install/msgs/share/msgs/cmake/export_msgs__rosidl_generator_pyExport.cmake
[3.142s] -- Installing: /home/ros/s_ws/src/s/install/msgs/share/msgs/cmake/export_msgs__rosidl_generator_pyExport-noconfig.cmake
[3.144s] Invoked command in '/home/ros/s_ws/src/s/build/msgs' returned '0': CMAKE_PREFIX_PATH=${CMAKE_PREFIX_PATH}:/home/ros/s_ws/install/nav2_simple_commander:/opt/ros/humble /usr/bin/cmake --install /home/ros/s_ws/src/s/build/msgs
