[0.009s] Invoking command in '/home/ros/s_ws/src/s/build/s_base': AMENT_PREFIX_PATH=/home/ros/s_ws/src/s/install/ira_laser_tools:${AMENT_PREFIX_PATH} CMAKE_PREFIX_PATH=/home/ros/s_ws/src/s/install/ira_laser_tools:/home/ros/s_ws/install/nav2_system_tests:/home/ros/s_ws/install/nav2_bringup:/home/ros/s_ws/install/navigation2:/home/ros/s_ws/install/nav2_smoother:/home/ros/s_ws/install/nav2_graceful_controller:/home/ros/s_ws/install/nav2_dwb_controller:/home/ros/s_ws/install/nav2_controller:/home/ros/s_ws/install/dwb_plugins:/home/ros/s_ws/install/dwb_critics:/home/ros/s_ws/install/dwb_core:/home/ros/s_ws/install/nav_2d_utils:/home/ros/s_ws/install/dwb_msgs:/home/ros/s_ws/install/nav_2d_msgs:/home/ros/s_ws/install/nav2_waypoint_follower:/home/ros/s_ws/install/nav2_theta_star_planner:/home/ros/s_ws/install/nav2_smac_planner:/home/ros/s_ws/install/nav2_rotation_shim_controller:/home/ros/s_ws/install/nav2_regulated_pure_pursuit_controller:/home/ros/s_ws/install/nav2_planner:/home/ros/s_ws/install/nav2_navfn_planner:/home/ros/s_ws/install/nav2_mppi_controller:/home/ros/s_ws/install/nav2_constrained_smoother:/home/ros/s_ws/install/nav2_bt_navigator:/home/ros/s_ws/install/nav2_behaviors:/home/ros/s_ws/install/nav2_core:/home/ros/s_ws/install/nav2_collision_monitor:/home/ros/s_ws/install/costmap_queue:/home/ros/s_ws/install/nav2_costmap_2d:/home/ros/s_ws/install/nav2_voxel_grid:/home/ros/s_ws/install/nav2_velocity_smoother:/home/ros/s_ws/install/nav2_rviz_plugins:/home/ros/s_ws/install/nav2_map_server:/home/ros/s_ws/install/nav2_lifecycle_manager:/home/ros/s_ws/install/nav2_behavior_tree:/home/ros/s_ws/install/nav2_amcl:/home/ros/s_ws/install/nav2_util:/home/ros/s_ws/install/nav2_msgs:/home/ros/s_ws/install/nav2_common:/home/ros/microros_humble_ws/install/micro_ros_setup:/home/ros/microros_humble_ws/install/micro_ros_agent:/home/ros/microros_humble_ws/install/micro_ros_msgs:/home/ros/s_ws/install/twist_multiplexer:/home/ros/s_ws/install/s_description:/home/ros/s_ws/install/s_base:/home/ros/s_ws/install/rviz:/home/ros/s_ws/install/msgs:/home/ros/s_ws/install/ldlidar:/home/ros/s_ws/install/ira_laser_tools:/home/ros/microros_ws/install/micro_ros_setup:/home/ros/microros_ws/install/micro_ros_agent:/home/ros/microros_ws/install/micro_ros_msgs:/home/ros/s_ws/install/nav2_simple_commander:/opt/ros/humble /usr/bin/cmake /home/ros/s_ws/src/s/s_base -DAMENT_CMAKE_SYMLINK_INSTALL=1 -DCMAKE_INSTALL_PREFIX=/home/ros/s_ws/src/s/install/s_base
[0.054s] -- The C compiler identification is GNU 11.4.0
[0.093s] -- The CXX compiler identification is GNU 11.4.0
[0.098s] -- Detecting C compiler ABI info
[0.160s] -- Detecting C compiler ABI info - done
[0.164s] -- Check for working C compiler: /usr/bin/cc - skipped
[0.164s] -- Detecting C compile features
[0.164s] -- Detecting C compile features - done
[0.166s] -- Detecting CXX compiler ABI info
[0.233s] -- Detecting CXX compiler ABI info - done
[0.237s] -- Check for working CXX compiler: /usr/bin/c++ - skipped
[0.237s] -- Detecting CXX compile features
[0.238s] -- Detecting CXX compile features - done
[0.243s] -- Found ament_cmake: 1.3.8 (/opt/ros/humble/share/ament_cmake/cmake)
[0.347s] -- Found Python3: /usr/bin/python3 (found version "3.10.12") found components: Interpreter 
[0.380s] -- Override CMake install command with custom implementation using symlinks instead of copying resources
[0.453s] -- Found geometry_msgs: 4.2.3 (/opt/ros/humble/share/geometry_msgs/cmake)
[0.513s] -- Found rosidl_generator_c: 3.1.5 (/opt/ros/humble/share/rosidl_generator_c/cmake)
[0.524s] -- Found rosidl_adapter: 3.1.5 (/opt/ros/humble/share/rosidl_adapter/cmake)
[0.536s] -- Found rosidl_generator_cpp: 3.1.5 (/opt/ros/humble/share/rosidl_generator_cpp/cmake)
[0.551s] -- Using all available rosidl_typesupport_c: rosidl_typesupport_fastrtps_c;rosidl_typesupport_introspection_c
[0.574s] -- Using all available rosidl_typesupport_cpp: rosidl_typesupport_fastrtps_cpp;rosidl_typesupport_introspection_cpp
[0.643s] -- Found nav_msgs: 4.2.3 (/opt/ros/humble/share/nav_msgs/cmake)
[0.689s] -- Found rclcpp: 16.0.8 (/opt/ros/humble/share/rclcpp/cmake)
[0.758s] -- Found rmw_implementation_cmake: 6.1.1 (/opt/ros/humble/share/rmw_implementation_cmake/cmake)
[0.765s] -- Found rmw_cyclonedds_cpp: 1.3.4 (/opt/ros/humble/share/rmw_cyclonedds_cpp/cmake)
[0.806s] -- Using RMW implementation 'rmw_cyclonedds_cpp' as default
[0.823s] -- Looking for pthread.h
[0.887s] -- Looking for pthread.h - found
[0.887s] -- Performing Test CMAKE_HAVE_LIBC_PTHREAD
[0.952s] -- Performing Test CMAKE_HAVE_LIBC_PTHREAD - Success
[0.952s] -- Found Threads: TRUE  
[1.030s] -- Found tf2_ros: 0.25.6 (/opt/ros/humble/share/tf2_ros/cmake)
[1.253s] -- Found ament_lint_auto: 0.12.10 (/opt/ros/humble/share/ament_lint_auto/cmake)
[1.334s] -- Added test 'copyright' to check source files copyright and LICENSE
[1.337s] -- Added test 'flake8' to check Python code syntax and style conventions
[1.338s] -- Added test 'lint_cmake' to check CMake code style
[1.339s] -- Added test 'pep257' to check Python code against some of the docstring style conventions in PEP 257
[1.340s] -- Added test 'xmllint' to check XML markup files
[1.342s] -- Configuring done
[1.345s] -- Generating done
[1.346s] -- Build files have been written to: /home/ros/s_ws/src/s/build/s_base
[1.351s] Invoked command in '/home/ros/s_ws/src/s/build/s_base' returned '0': AMENT_PREFIX_PATH=/home/ros/s_ws/src/s/install/ira_laser_tools:${AMENT_PREFIX_PATH} CMAKE_PREFIX_PATH=/home/ros/s_ws/src/s/install/ira_laser_tools:/home/ros/s_ws/install/nav2_system_tests:/home/ros/s_ws/install/nav2_bringup:/home/ros/s_ws/install/navigation2:/home/ros/s_ws/install/nav2_smoother:/home/ros/s_ws/install/nav2_graceful_controller:/home/ros/s_ws/install/nav2_dwb_controller:/home/ros/s_ws/install/nav2_controller:/home/ros/s_ws/install/dwb_plugins:/home/ros/s_ws/install/dwb_critics:/home/ros/s_ws/install/dwb_core:/home/ros/s_ws/install/nav_2d_utils:/home/ros/s_ws/install/dwb_msgs:/home/ros/s_ws/install/nav_2d_msgs:/home/ros/s_ws/install/nav2_waypoint_follower:/home/ros/s_ws/install/nav2_theta_star_planner:/home/ros/s_ws/install/nav2_smac_planner:/home/ros/s_ws/install/nav2_rotation_shim_controller:/home/ros/s_ws/install/nav2_regulated_pure_pursuit_controller:/home/ros/s_ws/install/nav2_planner:/home/ros/s_ws/install/nav2_navfn_planner:/home/ros/s_ws/install/nav2_mppi_controller:/home/ros/s_ws/install/nav2_constrained_smoother:/home/ros/s_ws/install/nav2_bt_navigator:/home/ros/s_ws/install/nav2_behaviors:/home/ros/s_ws/install/nav2_core:/home/ros/s_ws/install/nav2_collision_monitor:/home/ros/s_ws/install/costmap_queue:/home/ros/s_ws/install/nav2_costmap_2d:/home/ros/s_ws/install/nav2_voxel_grid:/home/ros/s_ws/install/nav2_velocity_smoother:/home/ros/s_ws/install/nav2_rviz_plugins:/home/ros/s_ws/install/nav2_map_server:/home/ros/s_ws/install/nav2_lifecycle_manager:/home/ros/s_ws/install/nav2_behavior_tree:/home/ros/s_ws/install/nav2_amcl:/home/ros/s_ws/install/nav2_util:/home/ros/s_ws/install/nav2_msgs:/home/ros/s_ws/install/nav2_common:/home/ros/microros_humble_ws/install/micro_ros_setup:/home/ros/microros_humble_ws/install/micro_ros_agent:/home/ros/microros_humble_ws/install/micro_ros_msgs:/home/ros/s_ws/install/twist_multiplexer:/home/ros/s_ws/install/s_description:/home/ros/s_ws/install/s_base:/home/ros/s_ws/install/rviz:/home/ros/s_ws/install/msgs:/home/ros/s_ws/install/ldlidar:/home/ros/s_ws/install/ira_laser_tools:/home/ros/microros_ws/install/micro_ros_setup:/home/ros/microros_ws/install/micro_ros_agent:/home/ros/microros_ws/install/micro_ros_msgs:/home/ros/s_ws/install/nav2_simple_commander:/opt/ros/humble /usr/bin/cmake /home/ros/s_ws/src/s/s_base -DAMENT_CMAKE_SYMLINK_INSTALL=1 -DCMAKE_INSTALL_PREFIX=/home/ros/s_ws/src/s/install/s_base
[1.352s] Invoking command in '/home/ros/s_ws/src/s/build/s_base': AMENT_PREFIX_PATH=/home/ros/s_ws/src/s/install/ira_laser_tools:${AMENT_PREFIX_PATH} CMAKE_PREFIX_PATH=/home/ros/s_ws/src/s/install/ira_laser_tools:/home/ros/s_ws/install/nav2_system_tests:/home/ros/s_ws/install/nav2_bringup:/home/ros/s_ws/install/navigation2:/home/ros/s_ws/install/nav2_smoother:/home/ros/s_ws/install/nav2_graceful_controller:/home/ros/s_ws/install/nav2_dwb_controller:/home/ros/s_ws/install/nav2_controller:/home/ros/s_ws/install/dwb_plugins:/home/ros/s_ws/install/dwb_critics:/home/ros/s_ws/install/dwb_core:/home/ros/s_ws/install/nav_2d_utils:/home/ros/s_ws/install/dwb_msgs:/home/ros/s_ws/install/nav_2d_msgs:/home/ros/s_ws/install/nav2_waypoint_follower:/home/ros/s_ws/install/nav2_theta_star_planner:/home/ros/s_ws/install/nav2_smac_planner:/home/ros/s_ws/install/nav2_rotation_shim_controller:/home/ros/s_ws/install/nav2_regulated_pure_pursuit_controller:/home/ros/s_ws/install/nav2_planner:/home/ros/s_ws/install/nav2_navfn_planner:/home/ros/s_ws/install/nav2_mppi_controller:/home/ros/s_ws/install/nav2_constrained_smoother:/home/ros/s_ws/install/nav2_bt_navigator:/home/ros/s_ws/install/nav2_behaviors:/home/ros/s_ws/install/nav2_core:/home/ros/s_ws/install/nav2_collision_monitor:/home/ros/s_ws/install/costmap_queue:/home/ros/s_ws/install/nav2_costmap_2d:/home/ros/s_ws/install/nav2_voxel_grid:/home/ros/s_ws/install/nav2_velocity_smoother:/home/ros/s_ws/install/nav2_rviz_plugins:/home/ros/s_ws/install/nav2_map_server:/home/ros/s_ws/install/nav2_lifecycle_manager:/home/ros/s_ws/install/nav2_behavior_tree:/home/ros/s_ws/install/nav2_amcl:/home/ros/s_ws/install/nav2_util:/home/ros/s_ws/install/nav2_msgs:/home/ros/s_ws/install/nav2_common:/home/ros/microros_humble_ws/install/micro_ros_setup:/home/ros/microros_humble_ws/install/micro_ros_agent:/home/ros/microros_humble_ws/install/micro_ros_msgs:/home/ros/s_ws/install/twist_multiplexer:/home/ros/s_ws/install/s_description:/home/ros/s_ws/install/s_base:/home/ros/s_ws/install/rviz:/home/ros/s_ws/install/msgs:/home/ros/s_ws/install/ldlidar:/home/ros/s_ws/install/ira_laser_tools:/home/ros/microros_ws/install/micro_ros_setup:/home/ros/microros_ws/install/micro_ros_agent:/home/ros/microros_ws/install/micro_ros_msgs:/home/ros/s_ws/install/nav2_simple_commander:/opt/ros/humble /usr/bin/cmake --build /home/ros/s_ws/src/s/build/s_base -- -j24 -l24
[1.391s] Invoked command in '/home/ros/s_ws/src/s/build/s_base' returned '0': AMENT_PREFIX_PATH=/home/ros/s_ws/src/s/install/ira_laser_tools:${AMENT_PREFIX_PATH} CMAKE_PREFIX_PATH=/home/ros/s_ws/src/s/install/ira_laser_tools:/home/ros/s_ws/install/nav2_system_tests:/home/ros/s_ws/install/nav2_bringup:/home/ros/s_ws/install/navigation2:/home/ros/s_ws/install/nav2_smoother:/home/ros/s_ws/install/nav2_graceful_controller:/home/ros/s_ws/install/nav2_dwb_controller:/home/ros/s_ws/install/nav2_controller:/home/ros/s_ws/install/dwb_plugins:/home/ros/s_ws/install/dwb_critics:/home/ros/s_ws/install/dwb_core:/home/ros/s_ws/install/nav_2d_utils:/home/ros/s_ws/install/dwb_msgs:/home/ros/s_ws/install/nav_2d_msgs:/home/ros/s_ws/install/nav2_waypoint_follower:/home/ros/s_ws/install/nav2_theta_star_planner:/home/ros/s_ws/install/nav2_smac_planner:/home/ros/s_ws/install/nav2_rotation_shim_controller:/home/ros/s_ws/install/nav2_regulated_pure_pursuit_controller:/home/ros/s_ws/install/nav2_planner:/home/ros/s_ws/install/nav2_navfn_planner:/home/ros/s_ws/install/nav2_mppi_controller:/home/ros/s_ws/install/nav2_constrained_smoother:/home/ros/s_ws/install/nav2_bt_navigator:/home/ros/s_ws/install/nav2_behaviors:/home/ros/s_ws/install/nav2_core:/home/ros/s_ws/install/nav2_collision_monitor:/home/ros/s_ws/install/costmap_queue:/home/ros/s_ws/install/nav2_costmap_2d:/home/ros/s_ws/install/nav2_voxel_grid:/home/ros/s_ws/install/nav2_velocity_smoother:/home/ros/s_ws/install/nav2_rviz_plugins:/home/ros/s_ws/install/nav2_map_server:/home/ros/s_ws/install/nav2_lifecycle_manager:/home/ros/s_ws/install/nav2_behavior_tree:/home/ros/s_ws/install/nav2_amcl:/home/ros/s_ws/install/nav2_util:/home/ros/s_ws/install/nav2_msgs:/home/ros/s_ws/install/nav2_common:/home/ros/microros_humble_ws/install/micro_ros_setup:/home/ros/microros_humble_ws/install/micro_ros_agent:/home/ros/microros_humble_ws/install/micro_ros_msgs:/home/ros/s_ws/install/twist_multiplexer:/home/ros/s_ws/install/s_description:/home/ros/s_ws/install/s_base:/home/ros/s_ws/install/rviz:/home/ros/s_ws/install/msgs:/home/ros/s_ws/install/ldlidar:/home/ros/s_ws/install/ira_laser_tools:/home/ros/microros_ws/install/micro_ros_setup:/home/ros/microros_ws/install/micro_ros_agent:/home/ros/microros_ws/install/micro_ros_msgs:/home/ros/s_ws/install/nav2_simple_commander:/opt/ros/humble /usr/bin/cmake --build /home/ros/s_ws/src/s/build/s_base -- -j24 -l24
[1.421s] Invoking command in '/home/ros/s_ws/src/s/build/s_base': AMENT_PREFIX_PATH=/home/ros/s_ws/src/s/install/ira_laser_tools:${AMENT_PREFIX_PATH} CMAKE_PREFIX_PATH=/home/ros/s_ws/src/s/install/ira_laser_tools:/home/ros/s_ws/install/nav2_system_tests:/home/ros/s_ws/install/nav2_bringup:/home/ros/s_ws/install/navigation2:/home/ros/s_ws/install/nav2_smoother:/home/ros/s_ws/install/nav2_graceful_controller:/home/ros/s_ws/install/nav2_dwb_controller:/home/ros/s_ws/install/nav2_controller:/home/ros/s_ws/install/dwb_plugins:/home/ros/s_ws/install/dwb_critics:/home/ros/s_ws/install/dwb_core:/home/ros/s_ws/install/nav_2d_utils:/home/ros/s_ws/install/dwb_msgs:/home/ros/s_ws/install/nav_2d_msgs:/home/ros/s_ws/install/nav2_waypoint_follower:/home/ros/s_ws/install/nav2_theta_star_planner:/home/ros/s_ws/install/nav2_smac_planner:/home/ros/s_ws/install/nav2_rotation_shim_controller:/home/ros/s_ws/install/nav2_regulated_pure_pursuit_controller:/home/ros/s_ws/install/nav2_planner:/home/ros/s_ws/install/nav2_navfn_planner:/home/ros/s_ws/install/nav2_mppi_controller:/home/ros/s_ws/install/nav2_constrained_smoother:/home/ros/s_ws/install/nav2_bt_navigator:/home/ros/s_ws/install/nav2_behaviors:/home/ros/s_ws/install/nav2_core:/home/ros/s_ws/install/nav2_collision_monitor:/home/ros/s_ws/install/costmap_queue:/home/ros/s_ws/install/nav2_costmap_2d:/home/ros/s_ws/install/nav2_voxel_grid:/home/ros/s_ws/install/nav2_velocity_smoother:/home/ros/s_ws/install/nav2_rviz_plugins:/home/ros/s_ws/install/nav2_map_server:/home/ros/s_ws/install/nav2_lifecycle_manager:/home/ros/s_ws/install/nav2_behavior_tree:/home/ros/s_ws/install/nav2_amcl:/home/ros/s_ws/install/nav2_util:/home/ros/s_ws/install/nav2_msgs:/home/ros/s_ws/install/nav2_common:/home/ros/microros_humble_ws/install/micro_ros_setup:/home/ros/microros_humble_ws/install/micro_ros_agent:/home/ros/microros_humble_ws/install/micro_ros_msgs:/home/ros/s_ws/install/twist_multiplexer:/home/ros/s_ws/install/s_description:/home/ros/s_ws/install/s_base:/home/ros/s_ws/install/rviz:/home/ros/s_ws/install/msgs:/home/ros/s_ws/install/ldlidar:/home/ros/s_ws/install/ira_laser_tools:/home/ros/microros_ws/install/micro_ros_setup:/home/ros/microros_ws/install/micro_ros_agent:/home/ros/microros_ws/install/micro_ros_msgs:/home/ros/s_ws/install/nav2_simple_commander:/opt/ros/humble /usr/bin/cmake --install /home/ros/s_ws/src/s/build/s_base
[1.428s] -- Install configuration: ""
[1.428s] -- Execute custom install script
[1.428s] -- Symlinking: /home/ros/s_ws/src/s/install/s_base/share/s_base//config/ekf.yaml
[1.437s] -- Symlinking: /home/ros/s_ws/src/s/install/s_base/share/s_base//config/lattices.json
[1.446s] -- Symlinking: /home/ros/s_ws/src/s/install/s_base/share/s_base//config/navigation.yaml
[1.455s] -- Symlinking: /home/ros/s_ws/src/s/install/s_base/share/s_base//config/oakds.yaml
[1.463s] -- Symlinking: /home/ros/s_ws/src/s/install/s_base/share/s_base//config/old_navigation.yaml
[1.471s] -- Symlinking: /home/ros/s_ws/src/s/install/s_base/share/s_base//config/slam.yaml
[1.480s] -- Symlinking: /home/ros/s_ws/src/s/install/s_base/share/s_base//config/turtlebot3_lds_2d.lua
[1.489s] -- Symlinking: /home/ros/s_ws/src/s/install/s_base/share/s_base//launch/cartographer.launch.py
[1.499s] -- Symlinking: /home/ros/s_ws/src/s/install/s_base/share/s_base//launch/map.launch.py
[1.508s] -- Symlinking: /home/ros/s_ws/src/s/install/s_base/share/s_base//launch/navigation.launch.py
[1.516s] -- Symlinking: /home/ros/s_ws/src/s/install/s_base/share/s_base//launch/occupancy_grid.launch.py
[1.525s] -- Symlinking: /home/ros/s_ws/src/s/install/s_base/share/s_base//launch/sim.launch.py
[1.534s] -- Symlinking: /home/ros/s_ws/src/s/install/s_base/share/s_base//launch/sub_launch/base.launch.py
[1.542s] -- Symlinking: /home/ros/s_ws/src/s/install/s_base/share/s_base//launch/sub_launch/common.py
[1.551s] -- Symlinking: /home/ros/s_ws/src/s/install/s_base/share/s_base//launch/sub_launch/ldlidars.launch.py
[1.560s] -- Symlinking: /home/ros/s_ws/src/s/install/s_base/share/s_base//launch/sub_launch/oakds.launch.py
[1.569s] -- Symlinking: /home/ros/s_ws/src/s/install/s_base/share/s_base//launch/sub_launch/single_lidar.launch.py
[1.577s] -- Symlinking: /home/ros/s_ws/src/s/install/s_base/share/s_base//launch/sub_launch/stereo.launch.py
[1.586s] -- Symlinking: /home/ros/s_ws/src/s/install/s_base/share/s_base//launch/sub_launch/stereo_inertial_node.launchX.py
[1.595s] -- Symlinking: /home/ros/s_ws/src/s/install/s_base/share/s_base//maps/home_map1.pgm
[1.603s] -- Symlinking: /home/ros/s_ws/src/s/install/s_base/share/s_base//maps/home_map1.yaml
[1.611s] -- Symlinking: /home/ros/s_ws/src/s/install/s_base/share/s_base//maps/map_20240306.yaml
[1.620s] -- Symlinking: /home/ros/s_ws/src/s/install/s_base/share/s_base//maps/map_20240306b.pgm
[1.628s] -- Symlinking: /home/ros/s_ws/src/s/install/s_base/share/s_base//maps/map_20240306c.pgm
[1.637s] -- Symlinking: /home/ros/s_ws/src/s/install/s_base/share/s_base//maps/map_20240306d.pgm
[1.646s] -- Symlinking: /home/ros/s_ws/src/s/install/s_base/share/s_base//scripts/bag_record.sh
[1.655s] -- Symlinking: /home/ros/s_ws/src/s/install/s_base/share/ament_index/resource_index/package_run_dependencies/s_base
[1.663s] -- Symlinking: /home/ros/s_ws/src/s/install/s_base/share/ament_index/resource_index/parent_prefix_path/s_base
[1.671s] -- Symlinking: /home/ros/s_ws/src/s/install/s_base/share/s_base/environment/ament_prefix_path.sh
[1.680s] -- Symlinking: /home/ros/s_ws/src/s/install/s_base/share/s_base/environment/ament_prefix_path.dsv
[1.689s] -- Symlinking: /home/ros/s_ws/src/s/install/s_base/share/s_base/environment/path.sh
[1.697s] -- Symlinking: /home/ros/s_ws/src/s/install/s_base/share/s_base/environment/path.dsv
[1.705s] -- Symlinking: /home/ros/s_ws/src/s/install/s_base/share/s_base/local_setup.bash
[1.714s] -- Symlinking: /home/ros/s_ws/src/s/install/s_base/share/s_base/local_setup.sh
[1.722s] -- Symlinking: /home/ros/s_ws/src/s/install/s_base/share/s_base/local_setup.zsh
[1.731s] -- Symlinking: /home/ros/s_ws/src/s/install/s_base/share/s_base/local_setup.dsv
[1.739s] -- Symlinking: /home/ros/s_ws/src/s/install/s_base/share/s_base/package.dsv
[1.748s] -- Symlinking: /home/ros/s_ws/src/s/install/s_base/share/ament_index/resource_index/packages/s_base
[1.756s] -- Symlinking: /home/ros/s_ws/src/s/install/s_base/share/s_base/cmake/s_baseConfig.cmake
[1.764s] -- Symlinking: /home/ros/s_ws/src/s/install/s_base/share/s_base/cmake/s_baseConfig-version.cmake
[1.773s] -- Symlinking: /home/ros/s_ws/src/s/install/s_base/share/s_base/package.xml
[1.784s] Invoked command in '/home/ros/s_ws/src/s/build/s_base' returned '0': AMENT_PREFIX_PATH=/home/ros/s_ws/src/s/install/ira_laser_tools:${AMENT_PREFIX_PATH} CMAKE_PREFIX_PATH=/home/ros/s_ws/src/s/install/ira_laser_tools:/home/ros/s_ws/install/nav2_system_tests:/home/ros/s_ws/install/nav2_bringup:/home/ros/s_ws/install/navigation2:/home/ros/s_ws/install/nav2_smoother:/home/ros/s_ws/install/nav2_graceful_controller:/home/ros/s_ws/install/nav2_dwb_controller:/home/ros/s_ws/install/nav2_controller:/home/ros/s_ws/install/dwb_plugins:/home/ros/s_ws/install/dwb_critics:/home/ros/s_ws/install/dwb_core:/home/ros/s_ws/install/nav_2d_utils:/home/ros/s_ws/install/dwb_msgs:/home/ros/s_ws/install/nav_2d_msgs:/home/ros/s_ws/install/nav2_waypoint_follower:/home/ros/s_ws/install/nav2_theta_star_planner:/home/ros/s_ws/install/nav2_smac_planner:/home/ros/s_ws/install/nav2_rotation_shim_controller:/home/ros/s_ws/install/nav2_regulated_pure_pursuit_controller:/home/ros/s_ws/install/nav2_planner:/home/ros/s_ws/install/nav2_navfn_planner:/home/ros/s_ws/install/nav2_mppi_controller:/home/ros/s_ws/install/nav2_constrained_smoother:/home/ros/s_ws/install/nav2_bt_navigator:/home/ros/s_ws/install/nav2_behaviors:/home/ros/s_ws/install/nav2_core:/home/ros/s_ws/install/nav2_collision_monitor:/home/ros/s_ws/install/costmap_queue:/home/ros/s_ws/install/nav2_costmap_2d:/home/ros/s_ws/install/nav2_voxel_grid:/home/ros/s_ws/install/nav2_velocity_smoother:/home/ros/s_ws/install/nav2_rviz_plugins:/home/ros/s_ws/install/nav2_map_server:/home/ros/s_ws/install/nav2_lifecycle_manager:/home/ros/s_ws/install/nav2_behavior_tree:/home/ros/s_ws/install/nav2_amcl:/home/ros/s_ws/install/nav2_util:/home/ros/s_ws/install/nav2_msgs:/home/ros/s_ws/install/nav2_common:/home/ros/microros_humble_ws/install/micro_ros_setup:/home/ros/microros_humble_ws/install/micro_ros_agent:/home/ros/microros_humble_ws/install/micro_ros_msgs:/home/ros/s_ws/install/twist_multiplexer:/home/ros/s_ws/install/s_description:/home/ros/s_ws/install/s_base:/home/ros/s_ws/install/rviz:/home/ros/s_ws/install/msgs:/home/ros/s_ws/install/ldlidar:/home/ros/s_ws/install/ira_laser_tools:/home/ros/microros_ws/install/micro_ros_setup:/home/ros/microros_ws/install/micro_ros_agent:/home/ros/microros_ws/install/micro_ros_msgs:/home/ros/s_ws/install/nav2_simple_commander:/opt/ros/humble /usr/bin/cmake --install /home/ros/s_ws/src/s/build/s_base
