[0.169s] Invoking command in '/home/ros/s_ws/src/s/build/s_description': CMAKE_PREFIX_PATH=${CMAKE_PREFIX_PATH}:/home/ros/s_ws/install/nav2_simple_commander:/opt/ros/humble /usr/bin/cmake /home/ros/s_ws/src/s/s_description -DAMENT_CMAKE_SYMLINK_INSTALL=1 -DCMAKE_INSTALL_PREFIX=/home/ros/s_ws/src/s/install/s_description
[0.222s] -- The C compiler identification is GNU 11.4.0
[0.266s] -- The CXX compiler identification is GNU 11.4.0
[0.273s] -- Detecting C compiler ABI info
[0.345s] -- Detecting C compiler ABI info - done
[0.349s] -- Check for working C compiler: /usr/bin/cc - skipped
[0.349s] -- Detecting C compile features
[0.350s] -- Detecting C compile features - done
[0.351s] -- Detecting CXX compiler ABI info
[0.432s] -- Detecting CXX compiler ABI info - done
[0.437s] -- Check for working CXX compiler: /usr/bin/c++ - skipped
[0.437s] -- Detecting CXX compile features
[0.437s] -- Detecting CXX compile features - done
[0.444s] -- Found ament_cmake: 1.3.8 (/opt/ros/humble/share/ament_cmake/cmake)
[0.551s] -- Found Python3: /usr/bin/python3 (found version "3.10.12") found components: Interpreter 
[0.588s] -- Override CMake install command with custom implementation using symlinks instead of copying resources
[0.660s] -- Found urdf: 2.6.0 (/opt/ros/humble/share/urdf/cmake)
[0.743s] -- Found ament_lint_auto: 0.12.10 (/opt/ros/humble/share/ament_lint_auto/cmake)
[0.827s] -- Added test 'copyright' to check source files copyright and LICENSE
[0.830s] -- Added test 'flake8' to check Python code syntax and style conventions
[0.831s] -- Added test 'lint_cmake' to check CMake code style
[0.832s] -- Added test 'pep257' to check Python code against some of the docstring style conventions in PEP 257
[0.835s] -- Added test 'xmllint' to check XML markup files
[0.836s] -- Configuring done
[0.838s] -- Generating done
[0.839s] -- Build files have been written to: /home/ros/s_ws/src/s/build/s_description
[0.844s] Invoked command in '/home/ros/s_ws/src/s/build/s_description' returned '0': CMAKE_PREFIX_PATH=${CMAKE_PREFIX_PATH}:/home/ros/s_ws/install/nav2_simple_commander:/opt/ros/humble /usr/bin/cmake /home/ros/s_ws/src/s/s_description -DAMENT_CMAKE_SYMLINK_INSTALL=1 -DCMAKE_INSTALL_PREFIX=/home/ros/s_ws/src/s/install/s_description
[0.844s] Invoking command in '/home/ros/s_ws/src/s/build/s_description': CMAKE_PREFIX_PATH=${CMAKE_PREFIX_PATH}:/home/ros/s_ws/install/nav2_simple_commander:/opt/ros/humble /usr/bin/cmake --build /home/ros/s_ws/src/s/build/s_description -- -j24 -l24
[0.885s] Invoked command in '/home/ros/s_ws/src/s/build/s_description' returned '0': CMAKE_PREFIX_PATH=${CMAKE_PREFIX_PATH}:/home/ros/s_ws/install/nav2_simple_commander:/opt/ros/humble /usr/bin/cmake --build /home/ros/s_ws/src/s/build/s_description -- -j24 -l24
[0.918s] Invoking command in '/home/ros/s_ws/src/s/build/s_description': CMAKE_PREFIX_PATH=${CMAKE_PREFIX_PATH}:/home/ros/s_ws/install/nav2_simple_commander:/opt/ros/humble /usr/bin/cmake --install /home/ros/s_ws/src/s/build/s_description
[0.926s] -- Install configuration: ""
[0.926s] -- Execute custom install script
[0.927s] -- Symlinking: /home/ros/s_ws/src/s/install/s_description/share/s_description//launch/description.launch.py
[0.936s] -- Symlinking: /home/ros/s_ws/src/s/install/s_description/share/s_description//meshes/OAK-D.dae
[0.945s] -- Symlinking: /home/ros/s_ws/src/s/install/s_description/share/s_description//models/dummy
[0.955s] -- Symlinking: /home/ros/s_ws/src/s/install/s_description/share/s_description//models/home/marker.xacro
[0.966s] -- Symlinking: /home/ros/s_ws/src/s/install/s_description/share/s_description//models/home/model.config
[0.975s] -- Symlinking: /home/ros/s_ws/src/s/install/s_description/share/s_description//models/home/model.sdf
[0.984s] -- Symlinking: /home/ros/s_ws/src/s/install/s_description/share/s_description//models/home/model.sdf.xacro
[0.993s] -- Symlinking: /home/ros/s_ws/src/s/install/s_description/share/s_description//models/home/wall.xacro
[1.002s] -- Symlinking: /home/ros/s_ws/src/s/install/s_description/share/s_description//urdf/base.urdf.xacro
[1.011s] -- Symlinking: /home/ros/s_ws/src/s/install/s_description/share/s_description//urdf/caster.urdf.xacro
[1.020s] -- Symlinking: /home/ros/s_ws/src/s/install/s_description/share/s_description//urdf/depthai_macro.urdf.xacro
[1.029s] -- Symlinking: /home/ros/s_ws/src/s/install/s_description/share/s_description//urdf/gazebo.urdf.xacro
[1.038s] -- Symlinking: /home/ros/s_ws/src/s/install/s_description/share/s_description//urdf/inertials.xacro
[1.046s] -- Symlinking: /home/ros/s_ws/src/s/install/s_description/share/s_description//urdf/ld06.urdf.xacro
[1.055s] -- Symlinking: /home/ros/s_ws/src/s/install/s_description/share/s_description//urdf/material.urdf.xacro
[1.064s] -- Symlinking: /home/ros/s_ws/src/s/install/s_description/share/s_description//urdf/oakd.urdf.xacro
[1.073s] -- Symlinking: /home/ros/s_ws/src/s/install/s_description/share/s_description//urdf/properties.urdf.xacro
[1.081s] -- Symlinking: /home/ros/s_ws/src/s/install/s_description/share/s_description//urdf/sonar.urdf.xacro
[1.090s] -- Symlinking: /home/ros/s_ws/src/s/install/s_description/share/s_description//urdf/time_of_flight.urdf.xacro
[1.099s] -- Symlinking: /home/ros/s_ws/src/s/install/s_description/share/s_description//urdf/wheel.urdf.xacro
[1.108s] -- Symlinking: /home/ros/s_ws/src/s/install/s_description/share/s_description//worlds/dummy
[1.117s] -- Symlinking: /home/ros/s_ws/src/s/install/s_description/share/s_description//worlds/home.world
[1.126s] -- Symlinking: /home/ros/s_ws/src/s/install/s_description/share/s_description//worlds/playground.world
[1.135s] -- Symlinking: /home/ros/s_ws/src/s/install/s_description/share/s_description//worlds/test_world.world
[1.144s] -- Symlinking: /home/ros/s_ws/src/s/install/s_description/share/ament_index/resource_index/package_run_dependencies/s_description
[1.152s] -- Symlinking: /home/ros/s_ws/src/s/install/s_description/share/ament_index/resource_index/parent_prefix_path/s_description
[1.161s] -- Symlinking: /home/ros/s_ws/src/s/install/s_description/share/s_description/environment/ament_prefix_path.sh
[1.171s] -- Symlinking: /home/ros/s_ws/src/s/install/s_description/share/s_description/environment/ament_prefix_path.dsv
[1.180s] -- Symlinking: /home/ros/s_ws/src/s/install/s_description/share/s_description/environment/path.sh
[1.189s] -- Symlinking: /home/ros/s_ws/src/s/install/s_description/share/s_description/environment/path.dsv
[1.198s] -- Symlinking: /home/ros/s_ws/src/s/install/s_description/share/s_description/local_setup.bash
[1.207s] -- Symlinking: /home/ros/s_ws/src/s/install/s_description/share/s_description/local_setup.sh
[1.216s] -- Symlinking: /home/ros/s_ws/src/s/install/s_description/share/s_description/local_setup.zsh
[1.224s] -- Symlinking: /home/ros/s_ws/src/s/install/s_description/share/s_description/local_setup.dsv
[1.232s] -- Symlinking: /home/ros/s_ws/src/s/install/s_description/share/s_description/package.dsv
[1.242s] -- Symlinking: /home/ros/s_ws/src/s/install/s_description/share/ament_index/resource_index/packages/s_description
[1.252s] -- Symlinking: /home/ros/s_ws/src/s/install/s_description/share/s_description/cmake/s_descriptionConfig.cmake
[1.262s] -- Symlinking: /home/ros/s_ws/src/s/install/s_description/share/s_description/cmake/s_descriptionConfig-version.cmake
[1.271s] -- Symlinking: /home/ros/s_ws/src/s/install/s_description/share/s_description/package.xml
[1.281s] Invoked command in '/home/ros/s_ws/src/s/build/s_description' returned '0': CMAKE_PREFIX_PATH=${CMAKE_PREFIX_PATH}:/home/ros/s_ws/install/nav2_simple_commander:/opt/ros/humble /usr/bin/cmake --install /home/ros/s_ws/src/s/build/s_description
