[0.372s] Invoking command in '/home/ros/s_ws/src/s/build/py_scripts': PYTHONPATH=/home/ros/s_ws/src/s/build/py_scripts/prefix_override:/home/ros/s_ws/src/s/install/py_scripts/lib/python3.10/site-packages:${PYTHONPATH} /usr/bin/python3 -W ignore:setup.py install is deprecated setup.py develop --editable --build-directory /home/ros/s_ws/src/s/build/py_scripts/build --no-deps symlink_data
[0.523s] running develop
[0.523s] /usr/lib/python3/dist-packages/setuptools/command/easy_install.py:158: EasyInstallDeprecationWarning: easy_install command is deprecated. Use build and pip and other standards-based tools.
[0.523s]   warnings.warn(
[0.601s] running egg_info
[0.601s] creating py_scripts.egg-info
[0.601s] writing py_scripts.egg-info/PKG-INFO
[0.602s] writing dependency_links to py_scripts.egg-info/dependency_links.txt
[0.602s] writing entry points to py_scripts.egg-info/entry_points.txt
[0.602s] writing requirements to py_scripts.egg-info/requires.txt
[0.602s] writing top-level names to py_scripts.egg-info/top_level.txt
[0.602s] writing manifest file 'py_scripts.egg-info/SOURCES.txt'
[0.603s] reading manifest file 'py_scripts.egg-info/SOURCES.txt'
[0.603s] writing manifest file 'py_scripts.egg-info/SOURCES.txt'
[0.604s] running build_ext
[0.604s] Creating /home/ros/s_ws/src/s/install/py_scripts/lib/python3.10/site-packages/py-scripts.egg-link (link to .)
[0.604s] Installing measure_wifi script to /home/ros/s_ws/src/s/install/py_scripts/lib/py_scripts
[0.604s] Installing show_time_skew script to /home/ros/s_ws/src/s/install/py_scripts/lib/py_scripts
[0.605s] 
[0.605s] Installed /home/ros/s_ws/src/s/build/py_scripts
[0.605s] running symlink_data
[0.605s] creating /home/ros/s_ws/src/s/install/py_scripts/share/ament_index
[0.605s] creating /home/ros/s_ws/src/s/install/py_scripts/share/ament_index/resource_index
[0.605s] creating /home/ros/s_ws/src/s/install/py_scripts/share/ament_index/resource_index/packages
[0.605s] symbolically linking /home/ros/s_ws/src/s/build/py_scripts/resource/py_scripts -> /home/ros/s_ws/src/s/install/py_scripts/share/ament_index/resource_index/packages
[0.605s] symbolically linking /home/ros/s_ws/src/s/build/py_scripts/package.xml -> /home/ros/s_ws/src/s/install/py_scripts/share/py_scripts
[0.619s] Invoked command in '/home/ros/s_ws/src/s/build/py_scripts' returned '0': PYTHONPATH=/home/ros/s_ws/src/s/build/py_scripts/prefix_override:/home/ros/s_ws/src/s/install/py_scripts/lib/python3.10/site-packages:${PYTHONPATH} /usr/bin/python3 -W ignore:setup.py install is deprecated setup.py develop --editable --build-directory /home/ros/s_ws/src/s/build/py_scripts/build --no-deps symlink_data
