-- The C compiler identification is GNU 11.4.0
-- The CXX compiler identification is GNU 11.4.0
-- Detecting C compiler ABI info
-- Detecting C compiler ABI info - done
-- Check for working C compiler: /usr/bin/cc - skipped
-- Detecting C compile features
-- Detecting C compile features - done
-- Detecting CXX compiler ABI info
-- Detecting CXX compiler ABI info - done
-- Check for working CXX compiler: /usr/bin/c++ - skipped
-- Detecting CXX compile features
-- Detecting CXX compile features - done
-- Found ament_cmake: 1.3.8 (/opt/ros/humble/share/ament_cmake/cmake)
-- Found Python3: /usr/bin/python3 (found version "3.10.12") found components: Interpreter 
-- Override CMake install command with custom implementation using symlinks instead of copying resources
-- Found ament_lint_auto: 0.12.10 (/opt/ros/humble/share/ament_lint_auto/cmake)
-- Added test 'copyright' to check source files copyright and LICENSE
-- Added test 'lint_cmake' to check CMake code style
-- Added test 'xmllint' to check XML markup files
-- Configuring done
-- Generating done
-- Build files have been written to: /home/ros/s_ws/src/s/build/rviz
-- Install configuration: ""
-- Execute custom install script
-- Symlinking: /home/ros/s_ws/src/s/install/rviz/share/rviz//config/default_config.rviz
-- Symlinking: /home/ros/s_ws/src/s/install/rviz/share/rviz//config/sim_config.rviz
-- Symlinking: /home/ros/s_ws/src/s/install/rviz/share/ament_index/resource_index/package_run_dependencies/rviz
-- Symlinking: /home/ros/s_ws/src/s/install/rviz/share/ament_index/resource_index/parent_prefix_path/rviz
-- Symlinking: /home/ros/s_ws/src/s/install/rviz/share/rviz/environment/ament_prefix_path.sh
-- Symlinking: /home/ros/s_ws/src/s/install/rviz/share/rviz/environment/ament_prefix_path.dsv
-- Symlinking: /home/ros/s_ws/src/s/install/rviz/share/rviz/environment/path.sh
-- Symlinking: /home/ros/s_ws/src/s/install/rviz/share/rviz/environment/path.dsv
-- Symlinking: /home/ros/s_ws/src/s/install/rviz/share/rviz/local_setup.bash
-- Symlinking: /home/ros/s_ws/src/s/install/rviz/share/rviz/local_setup.sh
-- Symlinking: /home/ros/s_ws/src/s/install/rviz/share/rviz/local_setup.zsh
-- Symlinking: /home/ros/s_ws/src/s/install/rviz/share/rviz/local_setup.dsv
-- Symlinking: /home/ros/s_ws/src/s/install/rviz/share/rviz/package.dsv
-- Symlinking: /home/ros/s_ws/src/s/install/rviz/share/ament_index/resource_index/packages/rviz
-- Symlinking: /home/ros/s_ws/src/s/install/rviz/share/rviz/cmake/rvizConfig.cmake
-- Symlinking: /home/ros/s_ws/src/s/install/rviz/share/rviz/cmake/rvizConfig-version.cmake
-- Symlinking: /home/ros/s_ws/src/s/install/rviz/share/rviz/package.xml
