[0.171s] Invoking command in '/home/ros/s_ws/src/s/build/rviz': CMAKE_PREFIX_PATH=${CMAKE_PREFIX_PATH}:/home/ros/s_ws/install/nav2_simple_commander:/opt/ros/humble /usr/bin/cmake /home/ros/s_ws/src/s/rviz -DAMENT_CMAKE_SYMLINK_INSTALL=1 -DCMAKE_INSTALL_PREFIX=/home/ros/s_ws/src/s/install/rviz
[0.225s] -- The C compiler identification is GNU 11.4.0
[0.271s] -- The CXX compiler identification is GNU 11.4.0
[0.277s] -- Detecting C compiler ABI info
[0.349s] -- Detecting C compiler ABI info - done
[0.354s] -- Check for working C compiler: /usr/bin/cc - skipped
[0.354s] -- Detecting C compile features
[0.354s] -- Detecting C compile features - done
[0.356s] -- Detecting CXX compiler ABI info
[0.437s] -- Detecting CXX compiler ABI info - done
[0.442s] -- Check for working CXX compiler: /usr/bin/c++ - skipped
[0.442s] -- Detecting CXX compile features
[0.442s] -- Detecting CXX compile features - done
[0.449s] -- Found ament_cmake: 1.3.8 (/opt/ros/humble/share/ament_cmake/cmake)
[0.557s] -- Found Python3: /usr/bin/python3 (found version "3.10.12") found components: Interpreter 
[0.593s] -- Override CMake install command with custom implementation using symlinks instead of copying resources
[0.669s] -- Found ament_lint_auto: 0.12.10 (/opt/ros/humble/share/ament_lint_auto/cmake)
[0.751s] -- Added test 'copyright' to check source files copyright and LICENSE
[0.753s] -- Added test 'lint_cmake' to check CMake code style
[0.754s] -- Added test 'xmllint' to check XML markup files
[0.755s] -- Configuring done
[0.757s] -- Generating done
[0.758s] -- Build files have been written to: /home/ros/s_ws/src/s/build/rviz
[0.760s] Invoked command in '/home/ros/s_ws/src/s/build/rviz' returned '0': CMAKE_PREFIX_PATH=${CMAKE_PREFIX_PATH}:/home/ros/s_ws/install/nav2_simple_commander:/opt/ros/humble /usr/bin/cmake /home/ros/s_ws/src/s/rviz -DAMENT_CMAKE_SYMLINK_INSTALL=1 -DCMAKE_INSTALL_PREFIX=/home/ros/s_ws/src/s/install/rviz
[0.762s] Invoking command in '/home/ros/s_ws/src/s/build/rviz': CMAKE_PREFIX_PATH=${CMAKE_PREFIX_PATH}:/home/ros/s_ws/install/nav2_simple_commander:/opt/ros/humble /usr/bin/cmake --build /home/ros/s_ws/src/s/build/rviz -- -j24 -l24
[0.804s] Invoked command in '/home/ros/s_ws/src/s/build/rviz' returned '0': CMAKE_PREFIX_PATH=${CMAKE_PREFIX_PATH}:/home/ros/s_ws/install/nav2_simple_commander:/opt/ros/humble /usr/bin/cmake --build /home/ros/s_ws/src/s/build/rviz -- -j24 -l24
[0.848s] Invoking command in '/home/ros/s_ws/src/s/build/rviz': CMAKE_PREFIX_PATH=${CMAKE_PREFIX_PATH}:/home/ros/s_ws/install/nav2_simple_commander:/opt/ros/humble /usr/bin/cmake --install /home/ros/s_ws/src/s/build/rviz
[0.857s] -- Install configuration: ""
[0.857s] -- Execute custom install script
[0.857s] -- Symlinking: /home/ros/s_ws/src/s/install/rviz/share/rviz//config/default_config.rviz
[0.867s] -- Symlinking: /home/ros/s_ws/src/s/install/rviz/share/rviz//config/sim_config.rviz
[0.876s] -- Symlinking: /home/ros/s_ws/src/s/install/rviz/share/ament_index/resource_index/package_run_dependencies/rviz
[0.886s] -- Symlinking: /home/ros/s_ws/src/s/install/rviz/share/ament_index/resource_index/parent_prefix_path/rviz
[0.895s] -- Symlinking: /home/ros/s_ws/src/s/install/rviz/share/rviz/environment/ament_prefix_path.sh
[0.905s] -- Symlinking: /home/ros/s_ws/src/s/install/rviz/share/rviz/environment/ament_prefix_path.dsv
[0.915s] -- Symlinking: /home/ros/s_ws/src/s/install/rviz/share/rviz/environment/path.sh
[0.924s] -- Symlinking: /home/ros/s_ws/src/s/install/rviz/share/rviz/environment/path.dsv
[0.934s] -- Symlinking: /home/ros/s_ws/src/s/install/rviz/share/rviz/local_setup.bash
[0.943s] -- Symlinking: /home/ros/s_ws/src/s/install/rviz/share/rviz/local_setup.sh
[0.952s] -- Symlinking: /home/ros/s_ws/src/s/install/rviz/share/rviz/local_setup.zsh
[0.962s] -- Symlinking: /home/ros/s_ws/src/s/install/rviz/share/rviz/local_setup.dsv
[0.972s] -- Symlinking: /home/ros/s_ws/src/s/install/rviz/share/rviz/package.dsv
[0.981s] -- Symlinking: /home/ros/s_ws/src/s/install/rviz/share/ament_index/resource_index/packages/rviz
[0.990s] -- Symlinking: /home/ros/s_ws/src/s/install/rviz/share/rviz/cmake/rvizConfig.cmake
[0.999s] -- Symlinking: /home/ros/s_ws/src/s/install/rviz/share/rviz/cmake/rvizConfig-version.cmake
[1.008s] -- Symlinking: /home/ros/s_ws/src/s/install/rviz/share/rviz/package.xml
[1.019s] Invoked command in '/home/ros/s_ws/src/s/build/rviz' returned '0': CMAKE_PREFIX_PATH=${CMAKE_PREFIX_PATH}:/home/ros/s_ws/install/nav2_simple_commander:/opt/ros/humble /usr/bin/cmake --install /home/ros/s_ws/src/s/build/rviz
